#
# A fatal error has been detected by the Java Runtime Environment:
#
#  EXCEPTION_ACCESS_VIOLATION (0xc0000005) at pc=0x00007ffb23838e69, pid=16236, tid=0x000000000000b7fc
#
# JRE version: Java(TM) SE Runtime Environment (8.0_261-b12) (build 1.8.0_261-b12)
# Java VM: Java HotSpot(TM) 64-Bit Server VM (25.261-b12 mixed mode windows-amd64 compressed oops)
# Problematic frame:
# C  [nvoglv64.dll+0xcb8e69]
#
# Failed to write core dump. Minidumps are not enabled by default on client versions of Windows
#
# If you would like to submit a bug report, please visit:
#   http://bugreport.java.com/bugreport/crash.jsp
# The crash happened outside the Java Virtual Machine in native code.
# See problematic frame for where to report the bug.
#

---------------  T H R E A D  ---------------

Current thread (0x000001fc13984000):  JavaThread "main" [_thread_in_native, id=47100, stack(0x0000004524400000,0x0000004524500000)]

siginfo: ExceptionCode=0xc0000005, reading address 0x0000000000000014

Registers:
RAX=0x00000070fddcb49b, RBX=0x0000000000000001, RCX=0x0000000000000000, RDX=0x00000469ea9f0e15
RSP=0x00000045244fec10, RBP=0x0000000000000006, RSI=0x0000000000000006, RDI=0x0000000000001405
R8 =0x0000000000000006, R9 =0x0000000000000000, R10=0x00000000546c6148, R11=0x0000027b84219586
R12=0x0000000000000004, R13=0x000001fc3bcad080, R14=0x0000000000000000, R15=0x000001fc3bcade48
RIP=0x00007ffb23838e69, EFLAGS=0x0000000000010246

Top of Stack: (sp=0x00000045244fec10)
0x00000045244fec10:   0000000000000001 000001fc15e46af4
0x00000045244fec20:   000001fc00000000 00007ffb236aa164
0x00000045244fec30:   00000469ea9f0ddb 000001fc13940000
0x00000045244fec40:   000001fc13984000 0000000000000000
0x00000045244fec50:   000000003e109f15 0000000000000000
0x00000045244fec60:   000001fc3bcade48 0000000000000000
0x00000045244fec70:   00000000be93c05c 0000000000000000
0x00000045244fec80:   000000003e109f15 0000000000000000
0x00000045244fec90:   00000045244fedc0 0000000000001405
0x00000045244feca0:   0000000000000004 000001fc3bcad080
0x00000045244fecb0:   0000000000000006 00000045244fedd0
0x00000045244fecc0:   0000000000000000 00007ffb23497856
0x00000045244fecd0:   0000000000000004 000001fc00000004
0x00000045244fece0:   000001fc00000000 0000004500000000
0x00000045244fecf0:   0000000000000018 000001fc00001405
0x00000045244fed00:   0000000000000000 0000004500000000 

Instructions: (pc=0x00007ffb23838e69)
0x00007ffb23838e49:   85 e2 07 00 00 bb 01 00 00 00 49 8d 8d c0 ef 55
0x00007ffb23838e59:   00 8b d3 e8 1f 46 e7 ff 81 ff 05 14 00 00 75 18
0x00007ffb23838e69:   41 8b 44 ae fc 4c 8d 65 ff 41 8b 0e 8b f8 3b c8
0x00007ffb23838e79:   0f 47 f9 0f 42 c1 eb 5b 81 ff 03 14 00 00 75 24 


Register to memory mapping:

RAX=0x00000070fddcb49b is an unknown value
RBX=0x0000000000000001 is an unknown value
RCX=0x0000000000000000 is an unknown value
RDX=0x00000469ea9f0e15 is an unknown value
RSP=0x00000045244fec10 is pointing into the stack for thread: 0x000001fc13984000
RBP=0x0000000000000006 is an unknown value
RSI=0x0000000000000006 is an unknown value
RDI=0x0000000000001405 is an unknown value
R8 =0x0000000000000006 is an unknown value
R9 =0x0000000000000000 is an unknown value
R10=0x00000000546c6148 is an unknown value
R11=0x0000027b84219586 is an unknown value
R12=0x0000000000000004 is an unknown value
R13=0x000001fc3bcad080 is an unknown value
R14=0x0000000000000000 is an unknown value
R15=0x000001fc3bcade48 is an unknown value


Stack: [0x0000004524400000,0x0000004524500000],  sp=0x00000045244fec10,  free space=1019k
Native frames: (J=compiled Java code, j=interpreted, Vv=VM code, C=native code)
C  [nvoglv64.dll+0xcb8e69]
C  [nvoglv64.dll+0x917856]
C  0x000001fc15e68d2b

Java frames: (J=compiled Java code, j=interpreted, Vv=VM code)
J 3085  org.lwjgl.opengl.GL11C.nglDrawElements(IIIJ)V (0 bytes) @ 0x000001fc15e68c8e [0x000001fc15e68c40+0x4e]
j  org.lwjgl.opengl.GL11C.glDrawElements(IIIJ)V+4
j  org.lwjgl.opengl.GL11.glDrawElements(IIIJ)V+4
j  caramel.api.texture.Mesh.render(Lcaramel/api/components/Transform;Lcaramel/api/components/Camera;)V+268
J 3123 C1 caramel.api.texture.Spritesheet.render(Lcaramel/api/components/Transform;Lcaramel/api/components/Camera;)V (48 bytes) @ 0x000001fc15e7833c [0x000001fc15e77fe0+0x35c]
J 3122 C1 caramel.api.render.SpriteRenderer.render(Lcaramel/api/components/Camera;)V (42 bytes) @ 0x000001fc15e77c4c [0x000001fc15e77980+0x2cc]
J 3141 C2 caramel.api.objects.GameObject.render(Lcaramel/api/components/Camera;)V (123 bytes) @ 0x000001fc15e877c0 [0x000001fc15e87240+0x580]
J 3086 C1 caramel.api.objects.SceneImpl.render(Lcaramel/api/components/Camera;)V (149 bytes) @ 0x000001fc15e69b34 [0x000001fc15e69180+0x9b4]
J 3227 C1 xyz.destiall.caramel.app.ApplicationImpl.process()Z (459 bytes) @ 0x000001fc15ec12a4 [0x000001fc15ebfc40+0x1664]
j  xyz.destiall.caramel.app.ApplicationImpl.loop()V+203
j  xyz.destiall.caramel.app.ApplicationImpl.run()V+9
j  xyz.destiall.caramel.app.Main.main([Ljava/lang/String;)V+3
v  ~StubRoutines::call_stub

---------------  P R O C E S S  ---------------

Java Threads: ( => current thread )
  0x000001fc468a9800 JavaThread "pool-2-thread-1" [_thread_blocked, id=34732, stack(0x0000004526f00000,0x0000004527000000)]
  0x000001fc3e76f000 JavaThread "AWT-Windows" daemon [_thread_in_native, id=17500, stack(0x0000004526b00000,0x0000004526c00000)]
  0x000001fc3a294000 JavaThread "Java2D Disposer" daemon [_thread_blocked, id=31992, stack(0x0000004526900000,0x0000004526a00000)]
  0x000001fc46380800 JavaThread "ForkJoinPool.commonPool-worker-9" daemon [_thread_blocked, id=42204, stack(0x0000004526800000,0x0000004526900000)]
  0x000001fc463ae800 JavaThread "pool-1-thread-1" [_thread_blocked, id=22544, stack(0x0000004526700000,0x0000004526800000)]
  0x000001fc3e8f3000 JavaThread "Thread-0" daemon [_thread_in_native, id=38520, stack(0x0000004526600000,0x0000004526700000)]
  0x000001fc3a532000 JavaThread "Service Thread" daemon [_thread_blocked, id=21060, stack(0x0000004525900000,0x0000004525a00000)]
  0x000001fc3a502000 JavaThread "C1 CompilerThread3" daemon [_thread_blocked, id=880, stack(0x0000004525800000,0x0000004525900000)]
  0x000001fc3a503800 JavaThread "C2 CompilerThread2" daemon [_thread_blocked, id=45256, stack(0x0000004525700000,0x0000004525800000)]
  0x000001fc3a4fd000 JavaThread "C2 CompilerThread1" daemon [_thread_blocked, id=2308, stack(0x0000004525600000,0x0000004525700000)]
  0x000001fc3a4fa800 JavaThread "C2 CompilerThread0" daemon [_thread_blocked, id=15780, stack(0x0000004525500000,0x0000004525600000)]
  0x000001fc3a4f6000 JavaThread "Monitor Ctrl-Break" daemon [_thread_in_native, id=3256, stack(0x0000004525400000,0x0000004525500000)]
  0x000001fc37dfd000 JavaThread "Attach Listener" daemon [_thread_blocked, id=29988, stack(0x0000004525300000,0x0000004525400000)]
  0x000001fc37dfc000 JavaThread "Signal Dispatcher" daemon [_thread_blocked, id=7788, stack(0x0000004525200000,0x0000004525300000)]
  0x000001fc37dd4800 JavaThread "Finalizer" daemon [_thread_blocked, id=31972, stack(0x0000004525100000,0x0000004525200000)]
  0x000001fc37dcb000 JavaThread "Reference Handler" daemon [_thread_blocked, id=18852, stack(0x0000004525000000,0x0000004525100000)]
=>0x000001fc13984000 JavaThread "main" [_thread_in_native, id=47100, stack(0x0000004524400000,0x0000004524500000)]

Other Threads:
  0x000001fc37da2800 VMThread [stack: 0x0000004524f00000,0x0000004525000000] [id=41588]
  0x000001fc3a537000 WatcherThread [stack: 0x0000004525a00000,0x0000004525b00000] [id=33232]

VM state:not at safepoint (normal execution)

VM Mutex/Monitor currently owned by a thread: None

heap address: 0x00000005c0c00000, size: 8180 MB, Compressed Oops mode: Zero based, Oop shift amount: 3
Narrow klass base: 0x0000000000000000, Narrow klass shift: 3
Compressed class space size: 1073741824 Address: 0x00000007c0000000

Heap:
 PSYoungGen      total 153088K, used 78127K [0x0000000715980000, 0x0000000728480000, 0x00000007c0000000)
  eden space 131584K, 59% used [0x0000000715980000,0x000000071a5cbd10,0x000000071da00000)
  from space 21504K, 0% used [0x000000071ef00000,0x000000071ef00000,0x0000000720400000)
  to   space 21504K, 0% used [0x000000071da00000,0x000000071da00000,0x000000071ef00000)
 ParOldGen       total 185856K, used 10586K [0x00000005c0c00000, 0x00000005cc180000, 0x0000000715980000)
  object space 185856K, 5% used [0x00000005c0c00000,0x00000005c1656a38,0x00000005cc180000)
 Metaspace       used 26845K, capacity 27389K, committed 27440K, reserved 1073152K
  class space    used 2655K, capacity 2826K, committed 2864K, reserved 1048576K

Card table byte_map: [0x000001fc24830000,0x000001fc25830000] byte_map_base: 0x000001fc21a2a000

Marking Bits: (ParMarkBitMap*) 0x000000006d4a4fb0
 Begin Bits: [0x000001fc262e0000, 0x000001fc2e2b0000)
 End Bits:   [0x000001fc2e2b0000, 0x000001fc36280000)

Polling page: 0x000001fc13c30000

CodeCache: size=245760Kb used=11118Kb max_used=11131Kb free=234641Kb
 bounds [0x000001fc15470000, 0x000001fc15f60000, 0x000001fc24470000]
 total_blobs=4686 nmethods=3343 adapters=1255
 compilation: enabled

Compilation events (10 events):
Event: 7.440 Thread 0x000001fc3a502000 3339       3       xyz.destiall.caramel.app.ui.ImGUILayer::setupDockspace (67 bytes)
Event: 7.441 Thread 0x000001fc3a502000 nmethod 3339 0x000001fc15f4e650 code [0x000001fc15f4e840, 0x000001fc15f4efa0]
Event: 7.441 Thread 0x000001fc3a502000 3340       3       xyz.destiall.caramel.app.ui.ImGUILayer::endFrame (101 bytes)
Event: 7.441 Thread 0x000001fc3a502000 nmethod 3340 0x000001fc15f32f50 code [0x000001fc15f33180, 0x000001fc15f33b50]
Event: 7.441 Thread 0x000001fc3a502000 3341       3       xyz.destiall.caramel.app.MouseListenerImpl::getScreenY (76 bytes)
Event: 7.441 Thread 0x000001fc3a502000 nmethod 3341 0x000001fc15f51410 code [0x000001fc15f516e0, 0x000001fc15f52620]
Event: 7.441 Thread 0x000001fc3a502000 3342       3       caramel.api.utils.Color::lerp (85 bytes)
Event: 7.442 Thread 0x000001fc3a502000 nmethod 3342 0x000001fc15f50d90 code [0x000001fc15f50f20, 0x000001fc15f51278]
Event: 7.454 Thread 0x000001fc3a4fa800 3343       4       caramel.api.objects.GameObject::getComponentsInChildren (61 bytes)
Event: 7.462 Thread 0x000001fc3a4fa800 nmethod 3343 0x000001fc15f56390 code [0x000001fc15f56560, 0x000001fc15f56d80]

GC Heap History (6 events):
Event: 1.750 GC heap before
{Heap before GC invocations=1 (full 0):
 PSYoungGen      total 153088K, used 131584K [0x0000000715980000, 0x0000000720400000, 0x00000007c0000000)
  eden space 131584K, 100% used [0x0000000715980000,0x000000071da00000,0x000000071da00000)
  from space 21504K, 0% used [0x000000071ef00000,0x000000071ef00000,0x0000000720400000)
  to   space 21504K, 0% used [0x000000071da00000,0x000000071da00000,0x000000071ef00000)
 ParOldGen       total 349696K, used 0K [0x00000005c0c00000, 0x00000005d6180000, 0x0000000715980000)
  object space 349696K, 0% used [0x00000005c0c00000,0x00000005c0c00000,0x00000005d6180000)
 Metaspace       used 19730K, capacity 20113K, committed 20352K, reserved 1067008K
  class space    used 2005K, capacity 2145K, committed 2176K, reserved 1048576K
Event: 1.757 GC heap after
Heap after GC invocations=1 (full 0):
 PSYoungGen      total 153088K, used 15376K [0x0000000715980000, 0x0000000720400000, 0x00000007c0000000)
  eden space 131584K, 0% used [0x0000000715980000,0x0000000715980000,0x000000071da00000)
  from space 21504K, 71% used [0x000000071da00000,0x000000071e904050,0x000000071ef00000)
  to   space 21504K, 0% used [0x000000071ef00000,0x000000071ef00000,0x0000000720400000)
 ParOldGen       total 349696K, used 24K [0x00000005c0c00000, 0x00000005d6180000, 0x0000000715980000)
  object space 349696K, 0% used [0x00000005c0c00000,0x00000005c0c06000,0x00000005d6180000)
 Metaspace       used 19730K, capacity 20113K, committed 20352K, reserved 1067008K
  class space    used 2005K, capacity 2145K, committed 2176K, reserved 1048576K
}
Event: 1.823 GC heap before
{Heap before GC invocations=2 (full 0):
 PSYoungGen      total 153088K, used 24255K [0x0000000715980000, 0x0000000720400000, 0x00000007c0000000)
  eden space 131584K, 6% used [0x0000000715980000,0x000000071622bcb0,0x000000071da00000)
  from space 21504K, 71% used [0x000000071da00000,0x000000071e904050,0x000000071ef00000)
  to   space 21504K, 0% used [0x000000071ef00000,0x000000071ef00000,0x0000000720400000)
 ParOldGen       total 349696K, used 24K [0x00000005c0c00000, 0x00000005d6180000, 0x0000000715980000)
  object space 349696K, 0% used [0x00000005c0c00000,0x00000005c0c06000,0x00000005d6180000)
 Metaspace       used 20719K, capacity 21213K, committed 21296K, reserved 1069056K
  class space    used 2153K, capacity 2324K, committed 2352K, reserved 1048576K
Event: 1.827 GC heap after
Heap after GC invocations=2 (full 0):
 PSYoungGen      total 153088K, used 10786K [0x0000000715980000, 0x0000000728480000, 0x00000007c0000000)
  eden space 131584K, 0% used [0x0000000715980000,0x0000000715980000,0x000000071da00000)
  from space 21504K, 50% used [0x000000071ef00000,0x000000071f988b18,0x0000000720400000)
  to   space 21504K, 0% used [0x000000071da00000,0x000000071da00000,0x000000071ef00000)
 ParOldGen       total 349696K, used 32K [0x00000005c0c00000, 0x00000005d6180000, 0x0000000715980000)
  object space 349696K, 0% used [0x00000005c0c00000,0x00000005c0c08000,0x00000005d6180000)
 Metaspace       used 20719K, capacity 21213K, committed 21296K, reserved 1069056K
  class space    used 2153K, capacity 2324K, committed 2352K, reserved 1048576K
}
Event: 1.827 GC heap before
{Heap before GC invocations=3 (full 1):
 PSYoungGen      total 153088K, used 10786K [0x0000000715980000, 0x0000000728480000, 0x00000007c0000000)
  eden space 131584K, 0% used [0x0000000715980000,0x0000000715980000,0x000000071da00000)
  from space 21504K, 50% used [0x000000071ef00000,0x000000071f988b18,0x0000000720400000)
  to   space 21504K, 0% used [0x000000071da00000,0x000000071da00000,0x000000071ef00000)
 ParOldGen       total 349696K, used 32K [0x00000005c0c00000, 0x00000005d6180000, 0x0000000715980000)
  object space 349696K, 0% used [0x00000005c0c00000,0x00000005c0c08000,0x00000005d6180000)
 Metaspace       used 20719K, capacity 21213K, committed 21296K, reserved 1069056K
  class space    used 2153K, capacity 2324K, committed 2352K, reserved 1048576K
Event: 1.851 GC heap after
Heap after GC invocations=3 (full 1):
 PSYoungGen      total 153088K, used 0K [0x0000000715980000, 0x0000000728480000, 0x00000007c0000000)
  eden space 131584K, 0% used [0x0000000715980000,0x0000000715980000,0x000000071da00000)
  from space 21504K, 0% used [0x000000071ef00000,0x000000071ef00000,0x0000000720400000)
  to   space 21504K, 0% used [0x000000071da00000,0x000000071da00000,0x000000071ef00000)
 ParOldGen       total 185856K, used 10586K [0x00000005c0c00000, 0x00000005cc180000, 0x0000000715980000)
  object space 185856K, 5% used [0x00000005c0c00000,0x00000005c1656a38,0x00000005cc180000)
 Metaspace       used 20719K, capacity 21213K, committed 21296K, reserved 1069056K
  class space    used 2153K, capacity 2324K, committed 2352K, reserved 1048576K
}

Deoptimization events (10 events):
Event: 2.475 Thread 0x000001fc13984000 Uncommon trap: reason=unstable_if action=reinterpret pc=0x000001fc15d26544 method=sun.font.CMap.getControlCodeGlyph(IZ)I @ 3
Event: 2.475 Thread 0x000001fc13984000 Uncommon trap: reason=unstable_if action=reinterpret pc=0x000001fc15d143b4 method=sun.font.CMap.getControlCodeGlyph(IZ)I @ 3
Event: 2.475 Thread 0x000001fc13984000 Uncommon trap: reason=unstable_if action=reinterpret pc=0x000001fc15d13cd4 method=sun.font.CMap.getControlCodeGlyph(IZ)I @ 3
Event: 2.484 Thread 0x000001fc13984000 Uncommon trap: reason=bimorphic action=maybe_recompile pc=0x000001fc15b4f8bc method=java.io.DataInputStream.readFully([BII)V @ 34
Event: 2.484 Thread 0x000001fc13984000 Uncommon trap: reason=bimorphic action=maybe_recompile pc=0x000001fc15b4f8bc method=java.io.DataInputStream.readFully([BII)V @ 34
Event: 2.484 Thread 0x000001fc13984000 Uncommon trap: reason=bimorphic action=maybe_recompile pc=0x000001fc15b4f8bc method=java.io.DataInputStream.readFully([BII)V @ 34
Event: 2.487 Thread 0x000001fc13984000 Uncommon trap: reason=unstable_if action=reinterpret pc=0x000001fc15d0a5cc method=sun.font.TrueTypeFont.getTableBuffer(I)Ljava/nio/ByteBuffer; @ 9
Event: 2.501 Thread 0x000001fc13984000 Uncommon trap: reason=unstable_if action=reinterpret pc=0x000001fc15cbb500 method=sun.font.TrueTypeFont.getDirectoryEntry(I)Lsun/font/TrueTypeFont$DirectoryEntry; @ 7
Event: 2.572 Thread 0x000001fc13984000 Uncommon trap: reason=unloaded action=reinterpret pc=0x000001fc15db0e14 method=caramel.api.text.TextFont.uploadTexture(Ljava/awt/image/BufferedImage;)Lcaramel/api/texture/Texture; @ 143
Event: 7.461 Thread 0x000001fc13984000 Uncommon trap: reason=unstable_if action=reinterpret pc=0x000001fc15f322f8 method=caramel.api.render.MeshRenderer.render(Lcaramel/api/components/Camera;)V @ 10

Classes redefined (0 events):
No events

Internal exceptions (10 events):
Event: 1.806 Thread 0x000001fc13984000 Exception <a 'java/lang/NoSuchMethodError': java.lang.Object.lambda$null$11(Ljava/lang/Class;Ljava/util/Set;[Ljava/lang/ClassLoader;Ljava/lang/Object;)Ljava/util/Set;> (0x0000000715fa9130) thrown at [C:\jenkins\workspace\8-2-build-windows-amd64-cygwin\jdk
Event: 1.807 Thread 0x000001fc13984000 Exception <a 'java/lang/NoSuchMethodError': java.lang.Object.lambda$forNames$2(Ljava/lang/Class;[Ljava/lang/ClassLoader;Ljava/lang/String;)Ljava/lang/Object;> (0x0000000715fb10f0) thrown at [C:\jenkins\workspace\8-2-build-windows-amd64-cygwin\jdk8u261\295
Event: 1.813 Thread 0x000001fc13984000 Exception <a 'java/lang/NoSuchMethodError': java.lang.Object.lambda$comparing$77a9974f$1(Ljava/util/function/Function;Ljava/lang/Object;Ljava/lang/Object;)I> (0x0000000716005e50) thrown at [C:\jenkins\workspace\8-2-build-windows-amd64-cygwin\jdk8u261\295\
Event: 1.819 Thread 0x000001fc13984000 Exception <a 'java/io/FileNotFoundException'> (0x000000071604cd38) thrown at [C:\jenkins\workspace\8-2-build-windows-amd64-cygwin\jdk8u261\295\hotspot\src\share\vm\prims\jni.cpp, line 710]
Event: 1.860 Thread 0x000001fc13984000 Exception <a 'java/io/FileNotFoundException'> (0x00000007159f5d38) thrown at [C:\jenkins\workspace\8-2-build-windows-amd64-cygwin\jdk8u261\295\hotspot\src\share\vm\prims\jni.cpp, line 710]
Event: 2.094 Thread 0x000001fc13984000 Exception <a 'java/lang/ArrayIndexOutOfBoundsException'> (0x0000000717293e30) thrown at [C:\jenkins\workspace\8-2-build-windows-amd64-cygwin\jdk8u261\295\hotspot\src\share\vm\runtime\sharedRuntime.cpp, line 605]
Event: 2.100 Thread 0x000001fc13984000 Exception <a 'java/lang/ArrayIndexOutOfBoundsException'> (0x00000007172fc308) thrown at [C:\jenkins\workspace\8-2-build-windows-amd64-cygwin\jdk8u261\295\hotspot\src\share\vm\runtime\sharedRuntime.cpp, line 605]
Event: 2.100 Thread 0x000001fc13984000 Exception <a 'java/lang/ArrayIndexOutOfBoundsException'> (0x0000000717308dc8) thrown at [C:\jenkins\workspace\8-2-build-windows-amd64-cygwin\jdk8u261\295\hotspot\src\share\vm\runtime\sharedRuntime.cpp, line 605]
Event: 2.108 Thread 0x000001fc13984000 Exception <a 'java/lang/ArrayIndexOutOfBoundsException'> (0x0000000717368ad8) thrown at [C:\jenkins\workspace\8-2-build-windows-amd64-cygwin\jdk8u261\295\hotspot\src\share\vm\runtime\sharedRuntime.cpp, line 605]
Event: 2.108 Thread 0x000001fc13984000 Exception <a 'java/lang/ArrayIndexOutOfBoundsException'> (0x0000000717369b40) thrown at [C:\jenkins\workspace\8-2-build-windows-amd64-cygwin\jdk8u261\295\hotspot\src\share\vm\runtime\sharedRuntime.cpp, line 605]

Events (10 events):
Event: 4.038 Thread 0x000001fc13984000 DEOPT UNPACKING pc=0x000001fc154b7498 sp=0x00000045244fed30 mode 0
Event: 4.122 Executing VM operation: EnableBiasedLocking
Event: 4.122 Executing VM operation: EnableBiasedLocking done
Event: 4.197 Thread 0x000001fc13984000 DEOPT PACKING pc=0x000001fc15e3f599 sp=0x00000045244ff160
Event: 4.197 Thread 0x000001fc13984000 DEOPT UNPACKING pc=0x000001fc154b7498 sp=0x00000045244fee80 mode 0
Event: 4.364 Thread 0x000001fc13984000 DEOPT PACKING pc=0x000001fc15e18b90 sp=0x00000045244fef70
Event: 4.364 Thread 0x000001fc13984000 DEOPT UNPACKING pc=0x000001fc154b7498 sp=0x00000045244fecb8 mode 0
Event: 7.461 Thread 0x000001fc13984000 Uncommon trap: trap_request=0xffffff65 fr.pc=0x000001fc15f322f8
Event: 7.461 Thread 0x000001fc13984000 DEOPT PACKING pc=0x000001fc15f322f8 sp=0x00000045244ff000
Event: 7.461 Thread 0x000001fc13984000 DEOPT UNPACKING pc=0x000001fc154b5843 sp=0x00000045244fef98 mode 2


Dynamic libraries:
0x00007ff63e650000 - 0x00007ff63e697000 	C:\Program Files\Java\jdk1.8.0_261\bin\java.exe
0x00007ffb895b0000 - 0x00007ffb897a8000 	C:\WINDOWS\SYSTEM32\ntdll.dll
0x00007ffb87610000 - 0x00007ffb876cd000 	C:\WINDOWS\System32\KERNEL32.DLL
0x00007ffb871a0000 - 0x00007ffb8746e000 	C:\WINDOWS\System32\KERNELBASE.dll
0x00007ffb87c10000 - 0x00007ffb87cbe000 	C:\WINDOWS\System32\ADVAPI32.dll
0x00007ffb87b70000 - 0x00007ffb87c0e000 	C:\WINDOWS\System32\msvcrt.dll
0x00007ffb887e0000 - 0x00007ffb8887c000 	C:\WINDOWS\System32\sechost.dll
0x00007ffb88aa0000 - 0x00007ffb88bc5000 	C:\WINDOWS\System32\RPCRT4.dll
0x00007ffb893d0000 - 0x00007ffb89570000 	C:\WINDOWS\System32\USER32.dll
0x00007ffb86eb0000 - 0x00007ffb86ed2000 	C:\WINDOWS\System32\win32u.dll
0x00007ffb87b40000 - 0x00007ffb87b6a000 	C:\WINDOWS\System32\GDI32.dll
0x00007ffb86ee0000 - 0x00007ffb86feb000 	C:\WINDOWS\System32\gdi32full.dll
0x00007ffb87570000 - 0x00007ffb8760d000 	C:\WINDOWS\System32\msvcp_win.dll
0x00007ffb87470000 - 0x00007ffb87570000 	C:\WINDOWS\System32\ucrtbase.dll
0x00007ffb6ea90000 - 0x00007ffb6ed2a000 	C:\WINDOWS\WinSxS\amd64_microsoft.windows.common-controls_6595b64144ccf1df_6.0.19041.1110_none_60b5254171f9507e\COMCTL32.dll
0x00007ffb886b0000 - 0x00007ffb886e0000 	C:\WINDOWS\System32\IMM32.DLL
0x00007ffb84730000 - 0x00007ffb84745000 	C:\Program Files\Java\jdk1.8.0_261\jre\bin\vcruntime140.dll
0x00007ffb80120000 - 0x00007ffb801bb000 	C:\Program Files\Java\jdk1.8.0_261\jre\bin\msvcp140.dll
0x000000006ccb0000 - 0x000000006d51c000 	C:\Program Files\Java\jdk1.8.0_261\jre\bin\server\jvm.dll
0x00007ffb88750000 - 0x00007ffb88758000 	C:\WINDOWS\System32\PSAPI.DLL
0x00007ffb71400000 - 0x00007ffb71409000 	C:\WINDOWS\SYSTEM32\WSOCK32.dll
0x00007ffb80ae0000 - 0x00007ffb80aea000 	C:\WINDOWS\SYSTEM32\VERSION.dll
0x00007ffb79850000 - 0x00007ffb79877000 	C:\WINDOWS\SYSTEM32\WINMM.dll
0x00007ffb882d0000 - 0x00007ffb8833b000 	C:\WINDOWS\System32\WS2_32.dll
0x00007ffb84bf0000 - 0x00007ffb84c02000 	C:\WINDOWS\SYSTEM32\kernel.appcore.dll
0x00007ffb84770000 - 0x00007ffb84780000 	C:\Program Files\Java\jdk1.8.0_261\jre\bin\verify.dll
0x00007ffb84380000 - 0x00007ffb843ab000 	C:\Program Files\Java\jdk1.8.0_261\jre\bin\java.dll
0x00007ffb81f10000 - 0x00007ffb81f42000 	C:\Program Files\Java\jdk1.8.0_261\jre\bin\instrument.dll
0x00007ffb84360000 - 0x00007ffb84378000 	C:\Program Files\Java\jdk1.8.0_261\jre\bin\zip.dll
0x00007ffb88bd0000 - 0x00007ffb89314000 	C:\WINDOWS\System32\SHELL32.dll
0x00007ffb84df0000 - 0x00007ffb85584000 	C:\WINDOWS\SYSTEM32\windows.storage.dll
0x00007ffb87cc0000 - 0x00007ffb88014000 	C:\WINDOWS\System32\combase.dll
0x00007ffb86730000 - 0x00007ffb86760000 	C:\WINDOWS\SYSTEM32\Wldp.dll
0x00007ffb881c0000 - 0x00007ffb8826d000 	C:\WINDOWS\System32\SHCORE.dll
0x00007ffb886f0000 - 0x00007ffb88745000 	C:\WINDOWS\System32\shlwapi.dll
0x00007ffb86c10000 - 0x00007ffb86c2f000 	C:\WINDOWS\SYSTEM32\profapi.dll
0x00007ffb81ed0000 - 0x00007ffb81eea000 	C:\Program Files\JetBrains\IntelliJ IDEA Community Edition 2020.2.4\bin\breakgen64.dll
0x00007ffb81f70000 - 0x00007ffb81f8c000 	C:\Program Files\Java\jdk1.8.0_261\jre\bin\net.dll
0x00007ffb86490000 - 0x00007ffb864fa000 	C:\WINDOWS\system32\mswsock.dll
0x00007ffb81ef0000 - 0x00007ffb81f03000 	C:\Program Files\Java\jdk1.8.0_261\jre\bin\nio.dll
0x00007ffb800b0000 - 0x00007ffb80114000 	C:\Users\Rance\AppData\Local\Temp\lwjglRance\3.2.3-build-13\lwjgl.dll
0x00007ffb80040000 - 0x00007ffb800a2000 	C:\Users\Rance\AppData\Local\Temp\lwjglRance\3.2.3-build-13\glfw.dll
0x00007ffb84230000 - 0x00007ffb842ce000 	C:\WINDOWS\system32\uxtheme.dll
0x00007ffb803e0000 - 0x00007ffb80425000 	C:\WINDOWS\SYSTEM32\dinput8.dll
0x00007ffb6a430000 - 0x00007ffb6a441000 	C:\WINDOWS\SYSTEM32\xinput1_4.dll
0x00007ffb86ff0000 - 0x00007ffb8703e000 	C:\WINDOWS\System32\cfgmgr32.dll
0x00007ffb86a80000 - 0x00007ffb86aac000 	C:\WINDOWS\SYSTEM32\DEVOBJ.dll
0x00007ffb849e0000 - 0x00007ffb84a0f000 	C:\WINDOWS\SYSTEM32\dwmapi.dll
0x00007ffb676e0000 - 0x00007ffb67832000 	C:\WINDOWS\SYSTEM32\inputhost.dll
0x00007ffb883d0000 - 0x00007ffb8849d000 	C:\WINDOWS\System32\OLEAUT32.dll
0x00007ffb83ec0000 - 0x00007ffb83fb2000 	C:\WINDOWS\SYSTEM32\CoreMessaging.dll
0x00007ffb833b0000 - 0x00007ffb83504000 	C:\WINDOWS\SYSTEM32\wintypes.dll
0x00007ffb82150000 - 0x00007ffb82246000 	C:\WINDOWS\SYSTEM32\PROPSYS.dll
0x00007ffb83b60000 - 0x00007ffb83ebe000 	C:\WINDOWS\SYSTEM32\CoreUIComponents.dll
0x00007ffb86e20000 - 0x00007ffb86ea2000 	C:\WINDOWS\System32\bcryptPrimitives.dll
0x00007ffb859d0000 - 0x00007ffb85a03000 	C:\WINDOWS\SYSTEM32\ntmarta.dll
0x00007ffb88080000 - 0x00007ffb88195000 	C:\WINDOWS\System32\MSCTF.dll
0x00007ffb85590000 - 0x00007ffb8559d000 	C:\WINDOWS\SYSTEM32\HID.DLL
0x00007ffb876d0000 - 0x00007ffb87b3f000 	C:\WINDOWS\System32\SETUPAPI.DLL
0x00007ffb86df0000 - 0x00007ffb86e17000 	C:\WINDOWS\System32\bcrypt.dll
0x00007ffb86cd0000 - 0x00007ffb86d37000 	C:\WINDOWS\System32\WINTRUST.dll
0x00007ffb87040000 - 0x00007ffb87196000 	C:\WINDOWS\System32\CRYPT32.dll
0x00007ffb868c0000 - 0x00007ffb868d2000 	C:\WINDOWS\SYSTEM32\MSASN1.dll
0x00007ffb25be0000 - 0x00007ffb25d07000 	C:\WINDOWS\SYSTEM32\opengl32.dll
0x00007ffb25bb0000 - 0x00007ffb25bdc000 	C:\WINDOWS\SYSTEM32\GLU32.dll
0x00007ffb89320000 - 0x00007ffb893c9000 	C:\WINDOWS\System32\clbcatq.dll
0x00007ffb22b80000 - 0x00007ffb25ba8000 	C:\WINDOWS\System32\DriverStore\FileRepository\nv_dispi.inf_amd64_c0e159863e7afdde\nvoglv64.dll
0x00007ffb88880000 - 0x00007ffb889aa000 	C:\WINDOWS\System32\ole32.dll
0x00007ffb82360000 - 0x00007ffb82374000 	C:\WINDOWS\SYSTEM32\WTSAPI32.dll
0x00007ffb866a0000 - 0x00007ffb866ac000 	C:\WINDOWS\SYSTEM32\CRYPTBASE.DLL
0x00007ffb7f550000 - 0x00007ffb7f581000 	C:\WINDOWS\SYSTEM32\cryptnet.dll
0x00007ffb7f380000 - 0x00007ffb7f4c8000 	C:\WINDOWS\SYSTEM32\drvstore.dll
0x00007ffb79360000 - 0x00007ffb7939b000 	C:\WINDOWS\SYSTEM32\dxcore.dll
0x00007ffb228b0000 - 0x00007ffb22b77000 	C:\WINDOWS\system32\nvspcap64.dll
0x00007ffb86250000 - 0x00007ffb8629b000 	C:\WINDOWS\SYSTEM32\powrprof.dll
0x00007ffb86110000 - 0x00007ffb86122000 	C:\WINDOWS\SYSTEM32\UMPDC.dll
0x00007ffb85a80000 - 0x00007ffb85ada000 	C:\WINDOWS\SYSTEM32\WINSTA.dll
0x00007ffb7fe00000 - 0x00007ffb7fe77000 	C:\Users\Rance\AppData\Local\Temp\lwjglRance\3.2.3-build-13\lwjgl_stb.dll
0x00007ffb7bd80000 - 0x00007ffb7be2e000 	C:\WINDOWS\SYSTEM32\mscms.dll
0x00007ffb7c660000 - 0x00007ffb7c671000 	C:\WINDOWS\SYSTEM32\ColorAdapterClient.dll
0x00007ffb86b90000 - 0x00007ffb86bbe000 	C:\WINDOWS\SYSTEM32\USERENV.dll
0x00007ffb825e0000 - 0x00007ffb82623000 	C:\WINDOWS\SYSTEM32\icm32.dll
0x00007ffb6aee0000 - 0x00007ffb6afd9000 	C:\WINDOWS\SYSTEM32\textinputframework.dll
0x00007ffb7fcf0000 - 0x00007ffb7fdfb000 	C:\Users\Rance\AppData\Local\Temp\lwjglRance\3.2.3-build-13\OpenAL.dll
0x00007ffb80c00000 - 0x00007ffb80c85000 	C:\WINDOWS\System32\MMDevApi.dll
0x00007ffb80d40000 - 0x00007ffb80ec2000 	C:\WINDOWS\SYSTEM32\AUDIOSES.DLL
0x00007ffb84800000 - 0x00007ffb84814000 	C:\WINDOWS\SYSTEM32\resourcepolicyclient.dll
0x00007ffb78ef0000 - 0x00007ffb78f49000 	C:\Users\Rance\AppData\Local\Temp\lwjglRance\3.2.3-build-13\lwjgl_opengl.dll
0x0000000064a00000 - 0x000000006580f000 	C:\Users\Rance\AppData\Local\Temp\imgui-java-natives_1658936729897\imgui-java64.dll
0x00007ffb787f0000 - 0x00007ffb78984000 	C:\Program Files\Java\jdk1.8.0_261\jre\bin\awt.dll
0x00007ffb840f0000 - 0x00007ffb84180000 	C:\WINDOWS\SYSTEM32\apphelp.dll
0x00007ffb7fa90000 - 0x00007ffb7fc5f000 	C:\WINDOWS\system32\d3d9.dll
0x00007ffb75950000 - 0x00007ffb75a56000 	C:\WINDOWS\System32\DriverStore\FileRepository\nv_dispi.inf_amd64_c0e159863e7afdde\nvldumdx.dll
0x00007ffb881a0000 - 0x00007ffb881bd000 	C:\WINDOWS\System32\imagehlp.dll
0x00007ffb86680000 - 0x00007ffb86698000 	C:\WINDOWS\SYSTEM32\CRYPTSP.dll
0x00007ffb85da0000 - 0x00007ffb85dd4000 	C:\WINDOWS\system32\rsaenh.dll
0x00007ffadc7e0000 - 0x00007ffaddf68000 	C:\WINDOWS\System32\DriverStore\FileRepository\nv_dispi.inf_amd64_c0e159863e7afdde\nvd3dumx.dll
0x00007ffb855a0000 - 0x00007ffb855c3000 	C:\WINDOWS\SYSTEM32\gpapi.dll
0x00007ffb78ea0000 - 0x00007ffb78ee9000 	C:\Program Files\Java\jdk1.8.0_261\jre\bin\fontmanager.dll
0x00007ffb787a0000 - 0x00007ffb787e3000 	C:\Program Files\Java\jdk1.8.0_261\jre\bin\t2k.dll
0x00007ffb84410000 - 0x00007ffb845f4000 	C:\WINDOWS\SYSTEM32\dbghelp.dll

VM Arguments:
jvm_args: -Djava.library.path=./libs -javaagent:C:\Program Files\JetBrains\IntelliJ IDEA Community Edition 2020.2.4\lib\idea_rt.jar=62896:C:\Program Files\JetBrains\IntelliJ IDEA Community Edition 2020.2.4\bin -Dfile.encoding=UTF-8 
java_command: xyz.destiall.caramel.app.Main
java_class_path (initial): C:\Program Files\Java\jdk1.8.0_261\jre\lib\charsets.jar;C:\Program Files\Java\jdk1.8.0_261\jre\lib\deploy.jar;C:\Program Files\Java\jdk1.8.0_261\jre\lib\ext\access-bridge-64.jar;C:\Program Files\Java\jdk1.8.0_261\jre\lib\ext\cldrdata.jar;C:\Program Files\Java\jdk1.8.0_261\jre\lib\ext\dnsns.jar;C:\Program Files\Java\jdk1.8.0_261\jre\lib\ext\jaccess.jar;C:\Program Files\Java\jdk1.8.0_261\jre\lib\ext\jfxrt.jar;C:\Program Files\Java\jdk1.8.0_261\jre\lib\ext\localedata.jar;C:\Program Files\Java\jdk1.8.0_261\jre\lib\ext\nashorn.jar;C:\Program Files\Java\jdk1.8.0_261\jre\lib\ext\sunec.jar;C:\Program Files\Java\jdk1.8.0_261\jre\lib\ext\sunjce_provider.jar;C:\Program Files\Java\jdk1.8.0_261\jre\lib\ext\sunmscapi.jar;C:\Program Files\Java\jdk1.8.0_261\jre\lib\ext\sunpkcs11.jar;C:\Program Files\Java\jdk1.8.0_261\jre\lib\ext\zipfs.jar;C:\Program Files\Java\jdk1.8.0_261\jre\lib\javaws.jar;C:\Program Files\Java\jdk1.8.0_261\jre\lib\jce.jar;C:\Program Files\Java\jdk1.8.0_261\jre\lib\jfr.jar;C:\Program Files\Java\jdk1.8.0_261\jre\lib\jfxswt.jar;C:\Program Files\Java\jdk1.8.0_261\jre\lib\jsse.jar;C:\Program Files\Java\jdk1.8.0_261\jre\lib\management-agent.jar;C:\Program Files\Java\jdk1.8.0_261\jre\lib\plugin.jar;C:\Program Files\Java\jdk1.8.0_261\jre\lib\resources.jar;C:\Program Files\Java\jdk1.8.0_261\jre\lib\rt.jar;D:\Github\Caramel\target\classes;D:\Github\Caramel\api\target\classes;D:\Github\Caramel\core\target\classes;D:\localMaven\org\reflections\reflections\0.10.2\reflections-0.10.2.jar;D:\localMaven\org\javassist\javassist\3.28.0-GA\javassist-3.28.0-GA.jar;D:\localMaven\com\google\code\findbugs\jsr305\3.0.2\jsr305-3.0.2.jar;D:\localMaven\org\slf4j\slf4j-api\1.7.32\slf4j-api-1.7.32.jar;D:\localMaven\xyz\destiall\java\Utility\1.2-SNAPSHOT\Utility-1.2-SNAPSHOT.jar;D:\localMaven\com\google\code\gson\gson\2.8.9\gson-2.8.9.jar;D:\localMaven\commons-io\commons-io\2.11.0\commons-io-2.11.0.jar;D:\localMaven\com\google\guava\guava\31.1-jre\guava-31.1-jre.j
Launcher Type: SUN_STANDARD

Environment Variables:
JAVA_HOME=C:\Program Files\Java\jdk1.8.0_261
PATH=C:\Program Files (x86)\Razer\ChromaBroadcast\bin;C:\Program Files\Razer\ChromaBroadcast\bin;C:\Program Files\Java\jdk1.8.0_261;C:\Program Files\Oculus\Support\oculus-runtime;C:\Program Files (x86)\Common Files\Intel\Shared Libraries\redist\intel64\compiler;C:\Program Files\Java\jdk1.8.0_261;C:\Program Files (x86)\Razer Chroma SDK\bin;C:\Program Files\Razer Chroma SDK\bin;C:\Windows\system32;C:\Windows;C:\Windows\System32\Wbem;C:\Windows\System32\WindowsPowerShell\v1.0\;C:\Windows\System32\OpenSSH\;C:\Program Files (x86)\NVIDIA Corporation\PhysX\Common;C:\Users\Rance\AppData\Local\Microsoft\WindowsApps;C:\Program Files (x86)\Bitvise SSH Client;C:\WINDOWS\system32;C:\WINDOWS;C:\WINDOWS\System32\Wbem;C:\WINDOWS\System32\WindowsPowerShell\v1.0\;C:\WINDOWS\System32\OpenSSH\;C:\Program Files\NVIDIA Corporation\NVIDIA NvDLISR;C:\Program Files\PuTTY\;C:\Program Files\gradle-6.6.1\bin;C:\Program Files\Java\jdk1.8.0_261\bin;C:\Program Files\Git\cmd;C:\Program Files\dotnet\;C:\Program Files (x86)\Touch Portal\plugins\adb\platform-tools;C:\Program Files (x86)\dotnet\;C:\MinGW\bin;C:\WINDOWS\system32\config\systemprofile\AppData\Local\Microsoft\WindowsApps;C:\Program Files\apache-maven-3.8.4\bin;C:\Program Files\Perforce\;C:\Users\Rance\AppData\Roaming\nvm;C:\Program Files\nodejs;C:\Users\Rance\AppData\Local\Programs\Python\Python39\Scripts\;C:\Users\Rance\AppData\Local\Programs\Python\Python39\;C:\Users\Rance\AppData\Local\Microsoft\WindowsApps;C:\Users\Rance\AppData\Local\GitHubDesktop\bin;C:\Users\Rance\AppData\Local\Programs\Microsoft VS Code\bin;C:\Program Files\JetBrains\IntelliJ IDEA Community Edition 2020.2.2\bin;;C:\Users\Rance\.dotnet\tools;C:\Users\Rance\AppData\Roaming\npm;C:\Users\Rance\AppData\Roaming\nvm;C:\Program Files\nodejs;C:\Users\Rance\AppData\Local\JetBrains\Toolbox\scripts
USERNAME=Rance
OS=Windows_NT
PROCESSOR_IDENTIFIER=AMD64 Family 23 Model 113 Stepping 0, AuthenticAMD



---------------  S Y S T E M  ---------------

OS: Windows 10.0 , 64 bit Build 19041 (10.0.19041.1806)

CPU:total 12 (initial active 12) (12 cores per cpu, 1 threads per core) family 23 model 113 stepping 0, cmov, cx8, fxsr, mmx, sse, sse2, sse3, ssse3, sse4.1, sse4.2, popcnt, avx, avx2, aes, clmul, mmxext, 3dnowpref, lzcnt, sse4a, tsc, tscinvbit, tscinv, bmi1

Memory: 4k page, physical 33504172k(20355964k free), swap 38484908k(21704280k free)

vm_info: Java HotSpot(TM) 64-Bit Server VM (25.261-b12) for windows-amd64 JRE (1.8.0_261-b12), built on Jun 18 2020 06:56:32 by "" with unknown MS VC++:1916

time: Wed Jul 27 23:45:36 2022
timezone: Malay Peninsula Standard Time
elapsed time: 7 seconds (0d 0h 0m 7s)

